{"/Users/munkhlunflew4k/Desktop/Boginoo/backend/jest/welcomer.js": {"path":"/Users/munkhlunflew4k/Desktop/Boginoo/backend/jest/welcomer.js","statementMap":{"0":{"start":{"line":1,"column":0},"end":{"line":3,"column":2}},"1":{"start":{"line":2,"column":2},"end":{"line":2,"column":25}}},"fnMap":{"0":{"name":"(anonymous_0)","decl":{"start":{"line":1,"column":17},"end":{"line":1,"column":18}},"loc":{"start":{"line":1,"column":27},"end":{"line":3,"column":1}},"line":1}},"branchMap":{},"s":{"0":1,"1":1},"f":{"0":1},"b":{},"_coverageSchema":"1a1c01bbd47fc00a2c39e90264f33305004495a9","hash":"352a7d1065dc8b2c1c99ad8aff8caf087cd596af"}
}
